\BOOKMARK [0][-]{section*.1}{\376\377\000D\000a\000f\000t\000a\000r\000\040\000I\000s\000i}{}% 1
\BOOKMARK [0][-]{section*.2}{\376\377\000D\000a\000f\000t\000a\000r\000\040\000G\000a\000m\000b\000a\000r}{}% 2
\BOOKMARK [0][-]{section*.3}{\376\377\000D\000a\000f\000t\000a\000r\000\040\000T\000a\000b\000e\000l}{}% 3
\BOOKMARK [0][-]{chapter.1}{\376\377\000P\000e\000n\000d\000a\000h\000u\000l\000u\000a\000n}{}% 4
\BOOKMARK [1][-]{section.1.1}{\376\377\000L\000a\000t\000a\000r\000\040\000B\000e\000l\000a\000k\000a\000n\000g}{chapter.1}% 5
\BOOKMARK [1][-]{section.1.2}{\376\377\000R\000u\000m\000u\000s\000a\000n\000\040\000M\000a\000s\000a\000l\000a\000h}{chapter.1}% 6
\BOOKMARK [1][-]{section.1.3}{\376\377\000T\000u\000j\000u\000a\000n}{chapter.1}% 7
\BOOKMARK [1][-]{section.1.4}{\376\377\000B\000a\000t\000a\000s\000a\000n\000\040\000M\000a\000s\000a\000l\000a\000h}{chapter.1}% 8
\BOOKMARK [1][-]{section.1.5}{\376\377\000M\000e\000t\000o\000d\000o\000l\000o\000g\000i\000\040\000P\000e\000n\000e\000l\000i\000t\000i\000a\000n}{chapter.1}% 9
\BOOKMARK [1][-]{section.1.6}{\376\377\000S\000i\000s\000t\000e\000m\000a\000t\000i\000k\000a\000\040\000P\000e\000m\000b\000a\000h\000a\000s\000a\000n}{chapter.1}% 10
\BOOKMARK [0][-]{chapter.2}{\376\377\000D\000a\000s\000a\000r\000\040\000T\000e\000o\000r\000i}{}% 11
\BOOKMARK [1][-]{section.2.1}{\376\377\000M\000o\000b\000i\000l\000e\000\040\000C\000l\000o\000u\000d\000\040\000C\000o\000m\000p\000u\000t\000i\000n\000g}{chapter.2}% 12
\BOOKMARK [2][-]{subsection.2.1.1}{\376\377\000P\000e\000n\000g\000e\000r\000t\000i\000a\000n\000\040\000C\000l\000o\000u\000d\000\040\000C\000o\000m\000p\000u\000t\000i\000n\000g}{section.2.1}% 13
\BOOKMARK [2][-]{subsection.2.1.2}{\376\377\000M\000a\000n\000f\000a\000a\000t\000\040\000C\000l\000o\000u\000d\000\040\000C\000o\000m\000p\000u\000t\000i\000n\000g}{section.2.1}% 14
\BOOKMARK [2][-]{subsection.2.1.3}{\376\377\000L\000a\000y\000a\000n\000a\000n\000\040\000C\000l\000o\000u\000d\000\040\000C\000o\000m\000p\000u\000t\000i\000n\000g}{section.2.1}% 15
\BOOKMARK [1][-]{section.2.2}{\376\377\000A\000n\000d\000r\000o\000i\000d}{chapter.2}% 16
\BOOKMARK [2][-]{subsection.2.2.1}{\376\377\000P\000e\000n\000g\000e\000r\000t\000i\000a\000n\000\040\000A\000n\000d\000r\000o\000i\000d}{section.2.2}% 17
\BOOKMARK [2][-]{subsection.2.2.2}{\376\377\000A\000r\000s\000i\000t\000e\000k\000t\000u\000r\000\040\000A\000n\000d\000r\000o\000i\000d}{section.2.2}% 18
\BOOKMARK [2][-]{subsection.2.2.3}{\376\377\000L\000i\000f\000e\000\040\000C\000y\000c\000l\000e}{section.2.2}% 19
\BOOKMARK [1][-]{section.2.3}{\376\377\000P\000h\000o\000n\000e\000g\000a\000p}{chapter.2}% 20
\BOOKMARK [2][-]{subsection.2.3.1}{\376\377\000P\000e\000n\000g\000e\000r\000t\000i\000a\000n\000\040\000P\000h\000o\000n\000e\000g\000a\000p}{section.2.3}% 21
\BOOKMARK [2][-]{subsection.2.3.2}{\376\377\000A\000r\000s\000i\000t\000e\000k\000t\000u\000r\000\040\000P\000h\000o\000n\000e\000g\000a\000p}{section.2.3}% 22
\BOOKMARK [2][-]{subsection.2.3.3}{\376\377\000H\000T\000M\000L}{section.2.3}% 23
\BOOKMARK [2][-]{subsection.2.3.4}{\376\377\000C\000S\000S}{section.2.3}% 24
\BOOKMARK [2][-]{subsection.2.3.5}{\376\377\000J\000a\000v\000a\000s\000c\000r\000i\000p\000t}{section.2.3}% 25
\BOOKMARK [1][-]{section.2.4}{\376\377\000H\000a\000d\000o\000o\000p\000\040\000a\000n\000d\000\040\000E\000c\000o\000s\000y\000s\000t\000e\000m}{chapter.2}% 26
\BOOKMARK [2][-]{subsection.2.4.1}{\376\377\000H\000a\000d\000o\000o\000p}{section.2.4}% 27
\BOOKMARK [2][-]{subsection.2.4.2}{\376\377\000H\000D\000F\000S}{section.2.4}% 28
\BOOKMARK [2][-]{subsection.2.4.3}{\376\377\000M\000a\000p\000R\000e\000d\000u\000c\000e}{section.2.4}% 29
\BOOKMARK [2][-]{subsection.2.4.4}{\376\377\000H\000B\000a\000s\000e}{section.2.4}% 30
\BOOKMARK [2][-]{subsection.2.4.5}{\376\377\000T\000r\000a\000f\000o\000d\000i\000o\000n}{section.2.4}% 31
\BOOKMARK [1][-]{section.2.5}{\376\377\000W\000e\000b\000s\000e\000r\000v\000i\000c\000e\000\040\000a\000n\000d\000\040\000R\000E\000S\000T\000f\000u\000l}{chapter.2}% 32
\BOOKMARK [2][-]{subsection.2.5.1}{\376\377\000W\000e\000b\000s\000e\000r\000v\000i\000c\000e}{section.2.5}% 33
\BOOKMARK [2][-]{subsection.2.5.2}{\376\377\000R\000E\000S\000T\000f\000u\000l}{section.2.5}% 34
\BOOKMARK [1][-]{section.2.6}{\376\377\000G\000o\000o\000g\000l\000e\000\040\000O\000p\000e\000n\000\040\000A\000u\000t\000h\000e\000n\000t\000i\000c\000a\000t\000i\000o\000n\000\040\000\050\000O\000A\000u\000t\000h\000\051}{chapter.2}% 35
\BOOKMARK [2][-]{subsection.2.6.1}{\376\377\000O\000p\000e\000n\000\040\000A\000u\000t\000h\000e\000n\000t\000i\000c\000a\000t\000i\000o\000n\000\040\000\050\000O\000A\000u\000t\000h\000\051}{section.2.6}% 36
\BOOKMARK [2][-]{subsection.2.6.2}{\376\377\000G\000o\000o\000g\000l\000e\000\040\000O\000A\000u\000t\000h}{section.2.6}% 37
\BOOKMARK [2][-]{subsection.2.6.3}{\376\377\000G\000o\000o\000g\000l\000e\000\040\000I\000d\000e\000n\000t\000i\000t\000y\000\040\000P\000l\000a\000t\000f\000o\000r\000m}{section.2.6}% 38
\BOOKMARK [0][-]{chapter.3}{\376\377\000A\000n\000a\000l\000i\000s\000i\000s}{}% 39
\BOOKMARK [1][-]{section.3.1}{\376\377\000D\000e\000s\000k\000r\000i\000p\000s\000i\000\040\000M\000a\000s\000a\000l\000a\000h}{chapter.3}% 40
\BOOKMARK [1][-]{section.3.2}{\376\377\000C\000l\000o\000u\000d\000\040\000C\000o\000m\000p\000u\000t\000i\000n\000g\000\040\000M\000o\000d\000e\000l\000\040\000u\000n\000t\000u\000k\000\040\000k\000a\000s\000u\000s\000\040\000p\000e\000m\000b\000u\000k\000u\000a\000n}{chapter.3}% 41
\BOOKMARK [1][-]{section.3.3}{\376\377\000A\000n\000a\000l\000i\000s\000i\000s\000\040\000K\000e\000b\000u\000t\000u\000h\000a\000n\000\040\000P\000e\000r\000a\000n\000g\000k\000a\000t\000\040\000L\000u\000n\000a\000k}{chapter.3}% 42
\BOOKMARK [2][-]{subsection.3.3.1}{\376\377\000F\000i\000t\000u\000r\000\040\000P\000a\000d\000a\000\040\000A\000p\000l\000i\000k\000a\000s\000i\000\040\000M\000o\000b\000i\000l\000e\000\040\000D\000e\000v\000i\000c\000e}{section.3.3}% 43
\BOOKMARK [2][-]{subsection.3.3.2}{\376\377\000F\000i\000t\000u\000r\000\040\000P\000a\000d\000a\000\040\000A\000p\000l\000i\000k\000a\000s\000i\000\040\000W\000e\000b\000s\000i\000t\000e}{section.3.3}% 44
\BOOKMARK [2][-]{subsection.3.3.3}{\376\377\000F\000i\000t\000u\000r\000\040\000P\000a\000d\000a\000\040\000S\000e\000r\000v\000e\000r}{section.3.3}% 45
\BOOKMARK [0][-]{chapter.4}{\376\377\000I\000n\000t\000r\000o\000d\000u\000c\000t\000i\000o\000n}{}% 46
\BOOKMARK [1][-]{section.4.1}{\376\377\000M\000o\000t\000i\000v\000a\000t\000i\000o\000n}{chapter.4}% 47
\BOOKMARK [0][-]{chapter*.4}{\376\377\000D\000a\000f\000t\000a\000r\000\040\000R\000e\000f\000e\000r\000e\000n\000s\000i}{}% 48
